<?xml version="1.0" encoding="UTF-8"?>
<testsuite xmlns:xsi="http://www.w3.org/2001/XMLSchema-instance" xsi:noNamespaceSchemaLocation="https://maven.apache.org/surefire/maven-surefire-plugin/xsd/surefire-test-report-3.0.xsd" version="3.0" name="TestMovieFileReader$firstNestedClass" time="0.043" tests="7" errors="0" skipped="0" failures="0">
  <properties>
[...]
</properties>
  <testcase name="testFilePathInsteadofDirectoryPath" classname="TestMovieFileReader" time="0.004"/>
  <testcase name="testDirectoryPathDoesNotExist" classname="TestMovieFileReader" time="0.002"/>
  <testcase name="testAddFilePathsToCollectionFileNameWithNoMovieID" classname="TestMovieFileReader$firstNestedClass" time="0.006"/>
  <testcase name="testAddImagePathToCollectionValid" classname="TestMovieFileReader$firstNestedClass" time="0.006"/>
  <testcase name="testAddFilePathsToCollectionAllValidMovies" classname="TestMovieFileReader$firstNestedClass" time="0.005"/>
  <testcase name="testAddFilePathsToCollectionMovieIDNotInCollection" classname="TestMovieFileReader$firstNestedClass" time="0.008"/>
  <testcase name="testConstructor" classname="TestMovieFileReader$firstNestedClass" time="0.007"/>
</testsuite>